<?xml version="1.0" encoding="UTF-8"?>
<!-- Generated by org.testng.reporters.JUnitReportReporter -->
<testsuite hostname="LAPTOP-87IOS1QL" failures="0" tests="1" name="E2EFramework.TC03_ValidateFooterTest" time="28.353" errors="0" timestamp="1 Jan 2021 16:44:19 GMT">
  <testcase classname="E2EFramework.TC03_ValidateFooterTest" name="validateFooterLinks" time="28.353"/>
</testsuite> <!-- E2EFramework.TC03_ValidateFooterTest -->
