<?xml version="1.0" encoding="UTF-8"?>
<!-- Generated by org.testng.reporters.JUnitReportReporter -->
<testsuite hostname="LAPTOP-87IOS1QL" failures="0" tests="5" name="E2EFramework.TC04_AmazonLandingTest" time="26.314" errors="0" timestamp="1 Jan 2021 16:44:19 GMT">
  <testcase classname="E2EFramework.TC04_AmazonLandingTest" name="validateCountriesDropdown" time="1.037"/>
  <testcase classname="E2EFramework.TC04_AmazonLandingTest" name="verifyMiscAmazon" time="12.472"/>
  <testcase classname="E2EFramework.TC04_AmazonLandingTest" name="verifyAmazonPantrySelection" time="5.576"/>
  <testcase classname="E2EFramework.TC04_AmazonLandingTest" name="leftNavigationBar" time="3.625"/>
  <testcase classname="E2EFramework.TC04_AmazonLandingTest" name="validateChangeCountryFunctionality" time="3.604"/>
</testsuite> <!-- E2EFramework.TC04_AmazonLandingTest -->
