<?xml version="1.0" encoding="UTF-8"?>
<!-- Generated by org.testng.reporters.JUnitReportReporter -->
<testsuite hostname="LAPTOP-87IOS1QL" failures="0" tests="6" name="E2EFramework.TC02_CricketTeamsPasgeTest" time="25.881" errors="0" timestamp="1 Jan 2021 16:44:19 GMT">
  <testcase classname="E2EFramework.TC02_CricketTeamsPasgeTest" name="validateSearchBox" time="4.104"/>
  <testcase classname="E2EFramework.TC02_CricketTeamsPasgeTest" name="validateTeamsList" time="0.806"/>
  <testcase classname="E2EFramework.TC02_CricketTeamsPasgeTest" name="validateHeadings" time="11.320"/>
  <testcase classname="E2EFramework.TC02_CricketTeamsPasgeTest" name="verifyTeamCategories" time="0.165"/>
  <testcase classname="E2EFramework.TC02_CricketTeamsPasgeTest" name="validateSearchBox" time="4.054"/>
  <testcase classname="E2EFramework.TC02_CricketTeamsPasgeTest" name="validateTwitterWidget" time="5.432"/>
</testsuite> <!-- E2EFramework.TC02_CricketTeamsPasgeTest -->
